Using pre-set license
Built from '2021.3/staging' branch; Version is '2021.3.1f1 (3b70a0754835) revision 3895456'; Using compiler version '192829333'; Build Type 'Release'
OS: 'Windows 10  (10.0.19044) 64bit CoreSingleLanguage' Language: 'en' Physical Memory: 8026 MB
BatchMode: 1, IsHumanControllingUs: 0, StartBugReporterOnCrash: 0, Is64bit: 1, IsPro: 1

COMMAND LINE ARGUMENTS:
C:\Program Files\Unity\Hub\Editor\2021.3.1f1\Editor\Unity.exe
-adb2
-batchMode
-noUpm
-name
AssetImportWorker0
-projectPath
C:/Users/Splash/Documents/Games/Easy-AR-project
-logFile
Logs/AssetImportWorker0.log
-srvPort
61527
Successfully changed project path to: C:/Users/Splash/Documents/Games/Easy-AR-project
C:/Users/Splash/Documents/Games/Easy-AR-project
[UnityMemory] Configuration Parameters - Can be set up in boot.config
    "memorysetup-bucket-allocator-granularity=16"
    "memorysetup-bucket-allocator-bucket-count=8"
    "memorysetup-bucket-allocator-block-size=33554432"
    "memorysetup-bucket-allocator-block-count=8"
    "memorysetup-main-allocator-block-size=16777216"
    "memorysetup-thread-allocator-block-size=16777216"
    "memorysetup-gfx-main-allocator-block-size=16777216"
    "memorysetup-gfx-thread-allocator-block-size=16777216"
    "memorysetup-cache-allocator-block-size=4194304"
    "memorysetup-typetree-allocator-block-size=2097152"
    "memorysetup-profiler-bucket-allocator-granularity=16"
    "memorysetup-profiler-bucket-allocator-bucket-count=8"
    "memorysetup-profiler-bucket-allocator-block-size=33554432"
    "memorysetup-profiler-bucket-allocator-block-count=8"
    "memorysetup-profiler-allocator-block-size=16777216"
    "memorysetup-profiler-editor-allocator-block-size=1048576"
    "memorysetup-temp-allocator-size-main=16777216"
    "memorysetup-job-temp-allocator-block-size=2097152"
    "memorysetup-job-temp-allocator-block-size-background=1048576"
    "memorysetup-job-temp-allocator-reduction-small-platforms=262144"
    "memorysetup-temp-allocator-size-background-worker=32768"
    "memorysetup-temp-allocator-size-job-worker=262144"
    "memorysetup-temp-allocator-size-preload-manager=33554432"
    "memorysetup-temp-allocator-size-nav-mesh-worker=65536"
    "memorysetup-temp-allocator-size-audio-worker=65536"
    "memorysetup-temp-allocator-size-cloud-worker=32768"
    "memorysetup-temp-allocator-size-gi-baking-worker=262144"
    "memorysetup-temp-allocator-size-gfx=262144"
Refreshing native plugins compatible for Editor in 196.42 ms, found 3 plugins.
Preloading 0 native plugins for Editor in 0.00 ms.
Initialize engine version: 2021.3.1f1 (3b70a0754835)
[Subsystems] Discovering subsystems at path C:/Program Files/Unity/Hub/Editor/2021.3.1f1/Editor/Data/Resources/UnitySubsystems
[Subsystems] Discovering subsystems at path C:/Users/Splash/Documents/Games/Easy-AR-project/Assets
GfxDevice: creating device client; threaded=0; jobified=0
Direct3D:
    Version:  Direct3D 11.0 [level 11.1]
    Renderer: Intel(R) UHD Graphics (ID=0x9b41)
    Vendor:   Intel
    VRAM:     4013 MB
    Driver:   27.20.100.9664
Initialize mono
Mono path[0] = 'C:/Program Files/Unity/Hub/Editor/2021.3.1f1/Editor/Data/Managed'
Mono path[1] = 'C:/Program Files/Unity/Hub/Editor/2021.3.1f1/Editor/Data/MonoBleedingEdge/lib/mono/unityjit-win32'
Mono config path = 'C:/Program Files/Unity/Hub/Editor/2021.3.1f1/Editor/Data/MonoBleedingEdge/etc'
Using monoOptions --debugger-agent=transport=dt_socket,embedding=1,server=y,suspend=n,address=127.0.0.1:56408
Begin MonoManager ReloadAssembly
Registering precompiled unity dll's ...
Register platform support module: C:/Program Files/Unity/Hub/Editor/2021.3.1f1/Editor/Data/PlaybackEngines/WebGLSupport/UnityEditor.WebGL.Extensions.dll
Register platform support module: C:/Program Files/Unity/Hub/Editor/2021.3.1f1/Editor/Data/PlaybackEngines/AndroidPlayer/UnityEditor.Android.Extensions.dll
Register platform support module: C:/Program Files/Unity/Hub/Editor/2021.3.1f1/Editor/Data/PlaybackEngines/WindowsStandaloneSupport/UnityEditor.WindowsStandalone.Extensions.dll
Registered in 0.034017 seconds.
Native extension for WindowsStandalone target not found
Native extension for Android target not found
Native extension for WebGL target not found
Refreshing native plugins compatible for Editor in 179.10 ms, found 3 plugins.
Preloading 0 native plugins for Editor in 0.00 ms.
Mono: successfully reloaded assembly
- Completed reload, in  1.789 seconds
Domain Reload Profiling:
	ReloadAssembly (1789ms)
		BeginReloadAssembly (182ms)
			ExecutionOrderSort (0ms)
			DisableScriptedObjects (0ms)
			BackupInstance (0ms)
			ReleaseScriptingObjects (0ms)
			CreateAndSetChildDomain (1ms)
		EndReloadAssembly (1261ms)
			LoadAssemblies (182ms)
			RebuildTransferFunctionScriptingTraits (0ms)
			SetupTypeCache (309ms)
			ReleaseScriptCaches (0ms)
			RebuildScriptCaches (61ms)
			SetupLoadedEditorAssemblies (767ms)
				LogAssemblyErrors (0ms)
				InitializePlatformSupportModulesInManaged (167ms)
				SetLoadedEditorAssemblies (1ms)
				RefreshPlugins (179ms)
				BeforeProcessingInitializeOnLoad (3ms)
				ProcessInitializeOnLoadAttributes (306ms)
				ProcessInitializeOnLoadMethodAttributes (111ms)
				AfterProcessingInitializeOnLoad (0ms)
				EditorAssembliesLoaded (0ms)
			ExecutionOrderSort2 (0ms)
			AwakeInstancesAfterBackupRestoration (0ms)
Platform modules already initialized, skipping
Registering precompiled user dll's ...
Registered in 0.020748 seconds.
Begin MonoManager ReloadAssembly
Symbol file LoadedFromMemory doesn't match image C:\Users\Splash\Documents\Games\Easy-AR-project\Library\PackageCache\com.unity.visualscripting@1.7.6\Editor\VisualScripting.Core\Dependencies\YamlDotNet\Unity.VisualScripting.YamlDotNet.dll
Symbol file LoadedFromMemory is not a mono symbol file
Symbol file LoadedFromMemory doesn't match image C:\Users\Splash\Documents\Games\Easy-AR-project\Library\PackageCache\com.unity.visualscripting@1.7.6\Editor\VisualScripting.Core\Dependencies\DotNetZip\Unity.VisualScripting.IonicZip.dll
Native extension for WindowsStandalone target not found
Native extension for Android target not found
Native extension for WebGL target not found
Refreshing native plugins compatible for Editor in 2.27 ms, found 3 plugins.
Preloading 0 native plugins for Editor in 0.00 ms.
Mono: successfully reloaded assembly
- Completed reload, in  4.519 seconds
Domain Reload Profiling:
	ReloadAssembly (4530ms)
		BeginReloadAssembly (622ms)
			ExecutionOrderSort (0ms)
			DisableScriptedObjects (30ms)
			BackupInstance (0ms)
			ReleaseScriptingObjects (1ms)
			CreateAndSetChildDomain (172ms)
		EndReloadAssembly (3392ms)
			LoadAssemblies (340ms)
			RebuildTransferFunctionScriptingTraits (0ms)
			SetupTypeCache (1188ms)
			ReleaseScriptCaches (4ms)
			RebuildScriptCaches (183ms)
			SetupLoadedEditorAssemblies (1499ms)
				LogAssemblyErrors (0ms)
				InitializePlatformSupportModulesInManaged (92ms)
				SetLoadedEditorAssemblies (1ms)
				RefreshPlugins (3ms)
				BeforeProcessingInitializeOnLoad (391ms)
				ProcessInitializeOnLoadAttributes (879ms)
				ProcessInitializeOnLoadMethodAttributes (88ms)
				AfterProcessingInitializeOnLoad (44ms)
				EditorAssembliesLoaded (1ms)
			ExecutionOrderSort2 (0ms)
			AwakeInstancesAfterBackupRestoration (19ms)
Platform modules already initialized, skipping
========================================================================
Worker process is ready to serve import requests
Launched and connected shader compiler UnityShaderCompiler.exe after 0.11 seconds
Refreshing native plugins compatible for Editor in 1.90 ms, found 3 plugins.
Preloading 0 native plugins for Editor in 0.00 ms.
Unloading 3225 Unused Serialized files (Serialized files now loaded: 0)
Unloading 23 unused Assets / (112.2 KB). Loaded Objects now: 3687.
Memory consumption went from 112.2 MB to 112.1 MB.
Total: 8.392600 ms (FindLiveObjects: 0.455400 ms CreateObjectMapping: 0.488200 ms MarkObjects: 7.026800 ms  DeleteObjects: 0.420000 ms)

AssetImportParameters requested are different than current active one (requested -> active):
  custom:video-decoder-ogg-theora: a1e56fd34408186e4bbccfd4996cb3dc -> 
  custom:container-muxer-webm: aa71ff27fc2769a1b78a27578f13a17b -> 
  custom:container-demuxer-webm: 4f35f7cbe854078d1ac9338744f61a02 -> 
  custom:video-encoder-webm-vp8: eb34c28f22e8b96e1ab97ce403110664 -> 
  custom:video-codec-MediaFoundation-h265: 746d11721c4dcdbdad8f713fa42b33f4 -> 
  custom:audio-encoder-webm-vorbis: bf7c407c2cedff20999df2af8eb42d56 -> 
  custom:framework-win-MediaFoundation: 216162199b28c13a410421893ffa2e32 -> 
  custom:container-demuxer-ogg: 62fdf1f143b41e24485cea50d1cbac27 -> 
  custom:video-decoder-webm-vp8: 9c59270c3fd7afecdb556c50c9e8de78 -> 
  custom:audio-decoder-ogg-vorbis: bf7c407c2cedff20999df2af8eb42d56 -> 
========================================================================
Received Import Request.
  Time since last request: 21256.785244 seconds.
  path: Assets/Scenes
  artifactKey: Guid(6ea315d0fd7389c41b19996891e99ae3) Importer(815301076,1909f56bfc062723c751e8b465ee728b)
Start importing Assets/Scenes using Guid(6ea315d0fd7389c41b19996891e99ae3) Importer(815301076,1909f56bfc062723c751e8b465ee728b)  -> (artifact id: 'b8193726cff86800c54781cdc6d54904') in 0.013210 seconds 
========================================================================
Received Prepare
Registering precompiled user dll's ...
Registered in 0.007107 seconds.
Begin MonoManager ReloadAssembly
Symbol file LoadedFromMemory doesn't match image C:\Users\Splash\Documents\Games\Easy-AR-project\Library\PackageCache\com.unity.visualscripting@1.7.6\Editor\VisualScripting.Core\Dependencies\YamlDotNet\Unity.VisualScripting.YamlDotNet.dll
Symbol file LoadedFromMemory is not a mono symbol file
Symbol file LoadedFromMemory doesn't match image C:\Users\Splash\Documents\Games\Easy-AR-project\Library\PackageCache\com.unity.visualscripting@1.7.6\Editor\VisualScripting.Core\Dependencies\DotNetZip\Unity.VisualScripting.IonicZip.dll
Native extension for WindowsStandalone target not found
Native extension for Android target not found
Native extension for WebGL target not found
Refreshing native plugins compatible for Editor in 1.20 ms, found 4 plugins.
Preloading 0 native plugins for Editor in 0.00 ms.
Mono: successfully reloaded assembly
- Completed reload, in  2.645 seconds
Domain Reload Profiling:
	ReloadAssembly (2646ms)
		BeginReloadAssembly (378ms)
			ExecutionOrderSort (0ms)
			DisableScriptedObjects (14ms)
			BackupInstance (0ms)
			ReleaseScriptingObjects (0ms)
			CreateAndSetChildDomain (85ms)
		EndReloadAssembly (2004ms)
			LoadAssemblies (269ms)
			RebuildTransferFunctionScriptingTraits (1ms)
			SetupTypeCache (756ms)
			ReleaseScriptCaches (2ms)
			RebuildScriptCaches (94ms)
			SetupLoadedEditorAssemblies (846ms)
				LogAssemblyErrors (0ms)
				InitializePlatformSupportModulesInManaged (60ms)
				SetLoadedEditorAssemblies (1ms)
				RefreshPlugins (1ms)
				BeforeProcessingInitializeOnLoad (163ms)
				ProcessInitializeOnLoadAttributes (545ms)
				ProcessInitializeOnLoadMethodAttributes (51ms)
				AfterProcessingInitializeOnLoad (24ms)
				EditorAssembliesLoaded (0ms)
			ExecutionOrderSort2 (0ms)
			AwakeInstancesAfterBackupRestoration (14ms)
Platform modules already initialized, skipping
Refreshing native plugins compatible for Editor in 7.64 ms, found 4 plugins.
Preloading 0 native plugins for Editor in 0.00 ms.
Unloading 3333 Unused Serialized files (Serialized files now loaded: 0)
Unloading 41 unused Assets / (449.0 KB). Loaded Objects now: 3778.
Memory consumption went from 117.5 MB to 117.1 MB.
Total: 6.178000 ms (FindLiveObjects: 0.445800 ms CreateObjectMapping: 0.295500 ms MarkObjects: 4.980700 ms  DeleteObjects: 0.453900 ms)

AssetImportParameters requested are different than current active one (requested -> active):
  custom:video-decoder-ogg-theora: a1e56fd34408186e4bbccfd4996cb3dc -> 
  custom:container-muxer-webm: aa71ff27fc2769a1b78a27578f13a17b -> 
  custom:container-demuxer-webm: 4f35f7cbe854078d1ac9338744f61a02 -> 
  custom:video-encoder-webm-vp8: eb34c28f22e8b96e1ab97ce403110664 -> 
  custom:video-codec-MediaFoundation-h265: 746d11721c4dcdbdad8f713fa42b33f4 -> 
  custom:audio-encoder-webm-vorbis: bf7c407c2cedff20999df2af8eb42d56 -> 
  custom:framework-win-MediaFoundation: 216162199b28c13a410421893ffa2e32 -> 
  custom:container-demuxer-ogg: 62fdf1f143b41e24485cea50d1cbac27 -> 
  custom:video-decoder-webm-vp8: 9c59270c3fd7afecdb556c50c9e8de78 -> 
  custom:audio-decoder-ogg-vorbis: bf7c407c2cedff20999df2af8eb42d56 -> 
========================================================================
Received Import Request.
  Time since last request: 2039.082486 seconds.
  path: Assets/Samples
  artifactKey: Guid(556ecd39e0ee30446bbe81ddbf660b45) Importer(815301076,1909f56bfc062723c751e8b465ee728b)
Start importing Assets/Samples using Guid(556ecd39e0ee30446bbe81ddbf660b45) Importer(815301076,1909f56bfc062723c751e8b465ee728b)  -> (artifact id: 'eae456275b76a494503551c3c8bb008b') in 0.026440 seconds 
========================================================================
Received Import Request.
  Time since last request: 2.555768 seconds.
  path: Assets/Samples/Scenes
  artifactKey: Guid(546137e6b5349b344af289883a694014) Importer(815301076,1909f56bfc062723c751e8b465ee728b)
Start importing Assets/Samples/Scenes using Guid(546137e6b5349b344af289883a694014) Importer(815301076,1909f56bfc062723c751e8b465ee728b)  -> (artifact id: '0b4b4ecf8d7933930f79e2a24f9fda21') in 0.007209 seconds 
========================================================================
Received Import Request.
  Time since last request: 2.643025 seconds.
  path: Assets/Samples/Scenes/DeviceSupport
  artifactKey: Guid(6ac84fe6aaefd80498c0177192872768) Importer(815301076,1909f56bfc062723c751e8b465ee728b)
Start importing Assets/Samples/Scenes/DeviceSupport using Guid(6ac84fe6aaefd80498c0177192872768) Importer(815301076,1909f56bfc062723c751e8b465ee728b)  -> (artifact id: '06ab699a47d6883687fded2b743f10cd') in 0.007004 seconds 
========================================================================
Received Import Request.
  Time since last request: 1.508987 seconds.
  path: Assets/Samples/Scenes/DeviceSupport/VideoRecording.unity
  artifactKey: Guid(8c9dc777120123c4297fe062a888f708) Importer(815301076,1909f56bfc062723c751e8b465ee728b)
Start importing Assets/Samples/Scenes/DeviceSupport/VideoRecording.unity using Guid(8c9dc777120123c4297fe062a888f708) Importer(815301076,1909f56bfc062723c751e8b465ee728b)  -> (artifact id: '864ff4c8603ad0b49e7aac704927f963') in 0.008111 seconds 
========================================================================
Received Import Request.
  Time since last request: 1.841056 seconds.
  path: Assets/Samples/Scenes/DeviceSupport/Camera_VideoCamera.unity
  artifactKey: Guid(0b6edb4b034991e44b22804ebfc21b15) Importer(815301076,1909f56bfc062723c751e8b465ee728b)
Start importing Assets/Samples/Scenes/DeviceSupport/Camera_VideoCamera.unity using Guid(0b6edb4b034991e44b22804ebfc21b15) Importer(815301076,1909f56bfc062723c751e8b465ee728b)  -> (artifact id: '38a0e80400216cda7376b0d2c386db5e') in 0.005415 seconds 
========================================================================
Received Import Request.
  Time since last request: 2.782215 seconds.
  path: Assets/Samples/Scenes/ObjectSensing
  artifactKey: Guid(483f2a3f2514df54aa6f3f3557494740) Importer(815301076,1909f56bfc062723c751e8b465ee728b)
Start importing Assets/Samples/Scenes/ObjectSensing using Guid(483f2a3f2514df54aa6f3f3557494740) Importer(815301076,1909f56bfc062723c751e8b465ee728b)  -> (artifact id: '19e305013e92c3926433070bc47050c5') in 0.005812 seconds 
========================================================================
Received Import Request.
  Time since last request: 3.523139 seconds.
  path: Assets/Samples/Scenes/ObjectSensing/ObjectTracking.unity
  artifactKey: Guid(a7d4a9c21f3b1b643a0bf2a20902b959) Importer(815301076,1909f56bfc062723c751e8b465ee728b)
Start importing Assets/Samples/Scenes/ObjectSensing/ObjectTracking.unity using Guid(a7d4a9c21f3b1b643a0bf2a20902b959) Importer(815301076,1909f56bfc062723c751e8b465ee728b)  -> (artifact id: '5425d1c3716b12d2ae6c7ee671472cb7') in 0.008686 seconds 
========================================================================
Received Prepare
Registering precompiled user dll's ...
Registered in 0.007582 seconds.
Begin MonoManager ReloadAssembly
Symbol file LoadedFromMemory doesn't match image C:\Users\Splash\Documents\Games\Easy-AR-project\Library\PackageCache\com.unity.visualscripting@1.7.6\Editor\VisualScripting.Core\Dependencies\YamlDotNet\Unity.VisualScripting.YamlDotNet.dll
Symbol file LoadedFromMemory is not a mono symbol file
Symbol file LoadedFromMemory doesn't match image C:\Users\Splash\Documents\Games\Easy-AR-project\Library\PackageCache\com.unity.visualscripting@1.7.6\Editor\VisualScripting.Core\Dependencies\DotNetZip\Unity.VisualScripting.IonicZip.dll
Native extension for WindowsStandalone target not found
Native extension for Android target not found
Native extension for WebGL target not found
Refreshing native plugins compatible for Editor in 2.10 ms, found 4 plugins.
Preloading 0 native plugins for Editor in 0.00 ms.
Mono: successfully reloaded assembly
- Completed reload, in  2.414 seconds
Domain Reload Profiling:
	ReloadAssembly (2416ms)
		BeginReloadAssembly (371ms)
			ExecutionOrderSort (0ms)
			DisableScriptedObjects (24ms)
			BackupInstance (0ms)
			ReleaseScriptingObjects (0ms)
			CreateAndSetChildDomain (81ms)
		EndReloadAssembly (1701ms)
			LoadAssemblies (281ms)
			RebuildTransferFunctionScriptingTraits (0ms)
			SetupTypeCache (438ms)
			ReleaseScriptCaches (2ms)
			RebuildScriptCaches (91ms)
			SetupLoadedEditorAssemblies (758ms)
				LogAssemblyErrors (0ms)
				InitializePlatformSupportModulesInManaged (142ms)
				SetLoadedEditorAssemblies (1ms)
				RefreshPlugins (2ms)
				BeforeProcessingInitializeOnLoad (137ms)
				ProcessInitializeOnLoadAttributes (408ms)
				ProcessInitializeOnLoadMethodAttributes (44ms)
				AfterProcessingInitializeOnLoad (24ms)
				EditorAssembliesLoaded (0ms)
			ExecutionOrderSort2 (0ms)
			AwakeInstancesAfterBackupRestoration (13ms)
Platform modules already initialized, skipping
Refreshing native plugins compatible for Editor in 9.47 ms, found 4 plugins.
Preloading 0 native plugins for Editor in 0.00 ms.
Unloading 3333 Unused Serialized files (Serialized files now loaded: 0)
Unloading 41 unused Assets / (448.1 KB). Loaded Objects now: 3781.
Memory consumption went from 117.6 MB to 117.1 MB.
Total: 4.857800 ms (FindLiveObjects: 0.432500 ms CreateObjectMapping: 0.261600 ms MarkObjects: 3.792200 ms  DeleteObjects: 0.369600 ms)

AssetImportParameters requested are different than current active one (requested -> active):
  custom:video-decoder-ogg-theora: a1e56fd34408186e4bbccfd4996cb3dc -> 
  custom:container-muxer-webm: aa71ff27fc2769a1b78a27578f13a17b -> 
  custom:container-demuxer-webm: 4f35f7cbe854078d1ac9338744f61a02 -> 
  custom:video-encoder-webm-vp8: eb34c28f22e8b96e1ab97ce403110664 -> 
  custom:video-codec-MediaFoundation-h265: 746d11721c4dcdbdad8f713fa42b33f4 -> 
  custom:audio-encoder-webm-vorbis: bf7c407c2cedff20999df2af8eb42d56 -> 
  custom:framework-win-MediaFoundation: 216162199b28c13a410421893ffa2e32 -> 
  custom:container-demuxer-ogg: 62fdf1f143b41e24485cea50d1cbac27 -> 
  custom:video-decoder-webm-vp8: 9c59270c3fd7afecdb556c50c9e8de78 -> 
  custom:audio-decoder-ogg-vorbis: bf7c407c2cedff20999df2af8eb42d56 -> 
========================================================================
Received Import Request.
  Time since last request: 245.629971 seconds.
  path: Assets/Samples/Assets
  artifactKey: Guid(63dfebc23cc4fb64bbc6995e8731e492) Importer(815301076,1909f56bfc062723c751e8b465ee728b)
Start importing Assets/Samples/Assets using Guid(63dfebc23cc4fb64bbc6995e8731e492) Importer(815301076,1909f56bfc062723c751e8b465ee728b)  -> (artifact id: '495c21813b3f03b3ae18542260741ba2') in 0.015480 seconds 
========================================================================
Received Import Request.
  Time since last request: 1.536208 seconds.
  path: Assets/Samples/Assets/DeviceSupport
  artifactKey: Guid(183f4ea3d28ff5949a5e5e5958d1dbdc) Importer(815301076,1909f56bfc062723c751e8b465ee728b)
Start importing Assets/Samples/Assets/DeviceSupport using Guid(183f4ea3d28ff5949a5e5e5958d1dbdc) Importer(815301076,1909f56bfc062723c751e8b465ee728b)  -> (artifact id: 'fcea3bf7ea91ff7f74572d2a2283fb5a') in 0.006421 seconds 
========================================================================
Received Import Request.
  Time since last request: 2.060241 seconds.
  path: Assets/Samples/Assets/DeviceSupport/Camera_VideoCamera
  artifactKey: Guid(df4455ed6a02924488e6d656138f5191) Importer(815301076,1909f56bfc062723c751e8b465ee728b)
Start importing Assets/Samples/Assets/DeviceSupport/Camera_VideoCamera using Guid(df4455ed6a02924488e6d656138f5191) Importer(815301076,1909f56bfc062723c751e8b465ee728b)  -> (artifact id: 'c0379608ebdeb575aa9558f2c8f74d4c') in 0.005407 seconds 
========================================================================
Received Import Request.
  Time since last request: 6.778924 seconds.
  path: Assets/EasyAR
  artifactKey: Guid(9475d622cddc9894dabfe59961d1be71) Importer(815301076,1909f56bfc062723c751e8b465ee728b)
Start importing Assets/EasyAR using Guid(9475d622cddc9894dabfe59961d1be71) Importer(815301076,1909f56bfc062723c751e8b465ee728b)  -> (artifact id: '9c14f3ae9eff5ad6ed7f97e20ea4fdd9') in 0.005807 seconds 
========================================================================
Received Import Request.
  Time since last request: 3.394145 seconds.
  path: Assets/EasyAR/Resources
  artifactKey: Guid(eebd347efbdfc574d937f28b65a2ea68) Importer(815301076,1909f56bfc062723c751e8b465ee728b)
Start importing Assets/EasyAR/Resources using Guid(eebd347efbdfc574d937f28b65a2ea68) Importer(815301076,1909f56bfc062723c751e8b465ee728b)  -> (artifact id: 'd561d396406db9419078cae2311cc284') in 0.009432 seconds 
========================================================================
Received Import Request.
  Time since last request: 1.503218 seconds.
  path: Assets/EasyAR/Prefabs
  artifactKey: Guid(e3829859d3bea9f49a31f1ea8003404d) Importer(815301076,1909f56bfc062723c751e8b465ee728b)
Start importing Assets/EasyAR/Prefabs using Guid(e3829859d3bea9f49a31f1ea8003404d) Importer(815301076,1909f56bfc062723c751e8b465ee728b)  -> (artifact id: '479f8f198e3c09f5bf1d95c7d64f04b7') in 0.006646 seconds 
========================================================================
Received Import Request.
  Time since last request: 2.580721 seconds.
  path: Assets/EasyAR/Prefabs/Primitives
  artifactKey: Guid(da45554bfdf825a4bb47890879854156) Importer(815301076,1909f56bfc062723c751e8b465ee728b)
Start importing Assets/EasyAR/Prefabs/Primitives using Guid(da45554bfdf825a4bb47890879854156) Importer(815301076,1909f56bfc062723c751e8b465ee728b)  -> (artifact id: '4dbbc55ce65734d7fe7b2199ab33ef23') in 0.002416 seconds 
========================================================================
Received Import Request.
  Time since last request: 0.000061 seconds.
  path: Assets/EasyAR/Prefabs/Primitives/ObjectTracker.prefab
  artifactKey: Guid(4d4172fd4550b7d49b15fbe91d792b0e) Importer(815301076,1909f56bfc062723c751e8b465ee728b)
Start importing Assets/EasyAR/Prefabs/Primitives/ObjectTracker.prefab using Guid(4d4172fd4550b7d49b15fbe91d792b0e) Importer(815301076,1909f56bfc062723c751e8b465ee728b)  -> (artifact id: '572eb2150e10a880bc455a2be53b4611') in 0.062351 seconds 
========================================================================
Received Import Request.
  Time since last request: 0.000032 seconds.
  path: Assets/EasyAR/Prefabs/Primitives/RenderCamera.prefab
  artifactKey: Guid(1cdb5484bd586d644aa40f1278dceb24) Importer(815301076,1909f56bfc062723c751e8b465ee728b)
Start importing Assets/EasyAR/Prefabs/Primitives/RenderCamera.prefab using Guid(1cdb5484bd586d644aa40f1278dceb24) Importer(815301076,1909f56bfc062723c751e8b465ee728b)  -> (artifact id: '9851df87a3e4854a78814196bb21c6ea') in 0.031123 seconds 
========================================================================
Received Import Request.
  Time since last request: 0.000034 seconds.
  path: Assets/EasyAR/Prefabs/Primitives/CloudRecognizer.prefab
  artifactKey: Guid(44efca3a188a178449507029ff3ad796) Importer(815301076,1909f56bfc062723c751e8b465ee728b)
Start importing Assets/EasyAR/Prefabs/Primitives/CloudRecognizer.prefab using Guid(44efca3a188a178449507029ff3ad796) Importer(815301076,1909f56bfc062723c751e8b465ee728b)  -> (artifact id: '1bb90149d9f7b9e3bd2c592f1f694fb4') in 0.012866 seconds 
========================================================================
Received Import Request.
  Time since last request: 0.000030 seconds.
  path: Assets/EasyAR/Prefabs/Primitives/ImageTracker.prefab
  artifactKey: Guid(3d33054c022b2b044b8a2d10ddaa3341) Importer(815301076,1909f56bfc062723c751e8b465ee728b)
Start importing Assets/EasyAR/Prefabs/Primitives/ImageTracker.prefab using Guid(3d33054c022b2b044b8a2d10ddaa3341) Importer(815301076,1909f56bfc062723c751e8b465ee728b)  -> (artifact id: '0ee575310dc45dd47c316ca98dd73f09') in 0.010562 seconds 
========================================================================
Received Import Request.
  Time since last request: 0.000066 seconds.
  path: Assets/EasyAR/Prefabs/Primitives/VideoRecorder.prefab
  artifactKey: Guid(418a95547f4d5b64284ed69b15da90bb) Importer(815301076,1909f56bfc062723c751e8b465ee728b)
Start importing Assets/EasyAR/Prefabs/Primitives/VideoRecorder.prefab using Guid(418a95547f4d5b64284ed69b15da90bb) Importer(815301076,1909f56bfc062723c751e8b465ee728b)  -> (artifact id: '14fd5442175808fd04c5cc44352900e5') in 0.007354 seconds 
========================================================================
Received Import Request.
  Time since last request: 0.000024 seconds.
  path: Assets/EasyAR/Prefabs/Primitives/ImageTarget.prefab
  artifactKey: Guid(40be5343836efc449af67e54876afb62) Importer(815301076,1909f56bfc062723c751e8b465ee728b)
Start importing Assets/EasyAR/Prefabs/Primitives/ImageTarget.prefab using Guid(40be5343836efc449af67e54876afb62) Importer(815301076,1909f56bfc062723c751e8b465ee728b)  -> (artifact id: '0360cab3cf471b9f8cfbce4f0e9a4f91') in 0.019507 seconds 
========================================================================
Received Import Request.
  Time since last request: 0.000044 seconds.
  path: Assets/EasyAR/Prefabs/Primitives/DenseSpatialMapBuilder.prefab
  artifactKey: Guid(b02f370078f5b1449a7e4b1fc1ce88e1) Importer(815301076,1909f56bfc062723c751e8b465ee728b)
Start importing Assets/EasyAR/Prefabs/Primitives/DenseSpatialMapBuilder.prefab using Guid(b02f370078f5b1449a7e4b1fc1ce88e1) Importer(815301076,1909f56bfc062723c751e8b465ee728b)  -> (artifact id: '273b2e019d8da1bcdfbdc143521eaa29') in 0.012459 seconds 
========================================================================
Received Import Request.
  Time since last request: 0.000032 seconds.
  path: Assets/EasyAR/Prefabs/Primitives/SparseSpatialMap.prefab
  artifactKey: Guid(96cf873901cdf1048a37a20d931f6675) Importer(815301076,1909f56bfc062723c751e8b465ee728b)
Start importing Assets/EasyAR/Prefabs/Primitives/SparseSpatialMap.prefab using Guid(96cf873901cdf1048a37a20d931f6675) Importer(815301076,1909f56bfc062723c751e8b465ee728b)  -> (artifact id: '014d8d421d97bbdbe0eec47b9fb6950a') in 0.292859 seconds 
========================================================================
Received Import Request.
  Time since last request: 0.000033 seconds.
  path: Assets/EasyAR/Prefabs/Primitives/SparseSpatialMapWorker.prefab
  artifactKey: Guid(e6ee0f841ac8764429264a9e559dd731) Importer(815301076,1909f56bfc062723c751e8b465ee728b)
Start importing Assets/EasyAR/Prefabs/Primitives/SparseSpatialMapWorker.prefab using Guid(e6ee0f841ac8764429264a9e559dd731) Importer(815301076,1909f56bfc062723c751e8b465ee728b)  -> (artifact id: '1f5b42c1bfbd064ad9ce9fe67cbf0e10') in 0.017002 seconds 
========================================================================
Received Import Request.
  Time since last request: 0.000140 seconds.
  path: Assets/EasyAR/Prefabs/Primitives/ObjectTarget.prefab
  artifactKey: Guid(128f5cb16f2599941a6491a216a79bb4) Importer(815301076,1909f56bfc062723c751e8b465ee728b)
Start importing Assets/EasyAR/Prefabs/Primitives/ObjectTarget.prefab using Guid(128f5cb16f2599941a6491a216a79bb4) Importer(815301076,1909f56bfc062723c751e8b465ee728b)  -> (artifact id: '90589de75bcf4c586c5844c0e30ceee1') in 0.008183 seconds 
========================================================================
Received Import Request.
  Time since last request: 0.000403 seconds.
  path: Assets/EasyAR/Prefabs/Primitives/VIOCameraDevice.prefab
  artifactKey: Guid(8b15ddd5cdbbdf0419efd872ab265aa6) Importer(815301076,1909f56bfc062723c751e8b465ee728b)
Start importing Assets/EasyAR/Prefabs/Primitives/VIOCameraDevice.prefab using Guid(8b15ddd5cdbbdf0419efd872ab265aa6) Importer(815301076,1909f56bfc062723c751e8b465ee728b)  -> (artifact id: 'c81881964c4ca4804feef0c2b340d320') in 0.007565 seconds 
========================================================================
Received Import Request.
  Time since last request: 0.000032 seconds.
  path: Assets/EasyAR/Prefabs/Primitives/DenseSpatialMapBlock.prefab
  artifactKey: Guid(900820353e09b7443a3314988b497f5c) Importer(815301076,1909f56bfc062723c751e8b465ee728b)
Start importing Assets/EasyAR/Prefabs/Primitives/DenseSpatialMapBlock.prefab using Guid(900820353e09b7443a3314988b497f5c) Importer(815301076,1909f56bfc062723c751e8b465ee728b)  -> (artifact id: '99df9d35ba8e84bd5a9a5ea03b22036f') in 0.011329 seconds 
========================================================================
Received Import Request.
  Time since last request: 0.000067 seconds.
  path: Assets/EasyAR/Prefabs/Primitives/EasyAR.prefab
  artifactKey: Guid(2c2ff6da066004640869ed02e7126b60) Importer(815301076,1909f56bfc062723c751e8b465ee728b)
Start importing Assets/EasyAR/Prefabs/Primitives/EasyAR.prefab using Guid(2c2ff6da066004640869ed02e7126b60) Importer(815301076,1909f56bfc062723c751e8b465ee728b)  -> (artifact id: '6e6c169ac80501befdd436758c3b34f2') in 0.008229 seconds 
========================================================================
Received Import Request.
  Time since last request: 0.000240 seconds.
  path: Assets/EasyAR/Prefabs/Primitives/VideoCameraDevice.prefab
  artifactKey: Guid(caead735b8ff41e4cb8d878177fb1f08) Importer(815301076,1909f56bfc062723c751e8b465ee728b)
Start importing Assets/EasyAR/Prefabs/Primitives/VideoCameraDevice.prefab using Guid(caead735b8ff41e4cb8d878177fb1f08) Importer(815301076,1909f56bfc062723c751e8b465ee728b)  -> (artifact id: 'b9f0e0f429ad54b0098e1a2543655985') in 0.013513 seconds 
========================================================================
Received Import Request.
  Time since last request: 0.000271 seconds.
  path: Assets/EasyAR/Prefabs/Primitives/SurfaceTracker.prefab
  artifactKey: Guid(d1e2aaef79fec69409f031209eadfeaf) Importer(815301076,1909f56bfc062723c751e8b465ee728b)
Start importing Assets/EasyAR/Prefabs/Primitives/SurfaceTracker.prefab using Guid(d1e2aaef79fec69409f031209eadfeaf) Importer(815301076,1909f56bfc062723c751e8b465ee728b)  -> (artifact id: 'ec2c0559475b290724796c929ec2b9fe') in 0.008640 seconds 
========================================================================
Received Import Request.
  Time since last request: 0.000151 seconds.
  path: Assets/EasyAR/Prefabs/Primitives/WorldRoot.prefab
  artifactKey: Guid(c2a81dba06fdc19449b44d7533c5106c) Importer(815301076,1909f56bfc062723c751e8b465ee728b)
Start importing Assets/EasyAR/Prefabs/Primitives/WorldRoot.prefab using Guid(c2a81dba06fdc19449b44d7533c5106c) Importer(815301076,1909f56bfc062723c751e8b465ee728b)  -> (artifact id: '5a5062a40a2fbe6a38f5a90a37dc8c16') in 0.007863 seconds 
========================================================================
Received Import Request.
  Time since last request: 4.429522 seconds.
  path: Assets/EasyAR/doc
  artifactKey: Guid(774cf40e49742a24abed40eebe36e06e) Importer(815301076,1909f56bfc062723c751e8b465ee728b)
Start importing Assets/EasyAR/doc using Guid(774cf40e49742a24abed40eebe36e06e) Importer(815301076,1909f56bfc062723c751e8b465ee728b)  -> (artifact id: '81750fcc3aaaf896a5838b9aaaed39b6') in 0.005802 seconds 
========================================================================
Received Import Request.
  Time since last request: 1.101995 seconds.
  path: Assets/EasyAR/doc/LICENSE
  artifactKey: Guid(bc9a073fb2f7ee246a61f6fe6860d2ae) Importer(815301076,1909f56bfc062723c751e8b465ee728b)
Start importing Assets/EasyAR/doc/LICENSE using Guid(bc9a073fb2f7ee246a61f6fe6860d2ae) Importer(815301076,1909f56bfc062723c751e8b465ee728b)  -> (artifact id: 'ad8e117d7088b12783778f632bb46062') in 0.020609 seconds 
========================================================================
Received Import Request.
  Time since last request: 8.874122 seconds.
  path: Assets/StreamingAssets
  artifactKey: Guid(632a619089c23f64c95db57fb2f72f60) Importer(815301076,1909f56bfc062723c751e8b465ee728b)
Start importing Assets/StreamingAssets using Guid(632a619089c23f64c95db57fb2f72f60) Importer(815301076,1909f56bfc062723c751e8b465ee728b)  -> (artifact id: '961da5ecc1d5df04da4b76e9c80dabba') in 0.005889 seconds 
========================================================================
Received Import Request.
  Time since last request: 3.492996 seconds.
  path: Assets/StreamingAssets/videos
  artifactKey: Guid(e2084cb36ef75b540a90355e242ba047) Importer(815301076,1909f56bfc062723c751e8b465ee728b)
Start importing Assets/StreamingAssets/videos using Guid(e2084cb36ef75b540a90355e242ba047) Importer(815301076,1909f56bfc062723c751e8b465ee728b)  -> (artifact id: '924e70ad7460f9af1478f1ad666502ca') in 0.005332 seconds 
========================================================================
Received Import Request.
  Time since last request: 2.756442 seconds.
  path: Assets/StreamingAssets/sightplus
  artifactKey: Guid(b58cc71d41232e4469601ac1f31a09bd) Importer(815301076,1909f56bfc062723c751e8b465ee728b)
Start importing Assets/StreamingAssets/sightplus using Guid(b58cc71d41232e4469601ac1f31a09bd) Importer(815301076,1909f56bfc062723c751e8b465ee728b)  -> (artifact id: '0cc7e7f183fb431e42b2577902e6f538') in 0.006188 seconds 
========================================================================
Received Import Request.
  Time since last request: 2.165859 seconds.
  path: Assets/StreamingAssets/hexagon
  artifactKey: Guid(284d41cd0408cea4797249212cd8bab0) Importer(815301076,1909f56bfc062723c751e8b465ee728b)
Start importing Assets/StreamingAssets/hexagon using Guid(284d41cd0408cea4797249212cd8bab0) Importer(815301076,1909f56bfc062723c751e8b465ee728b)  -> (artifact id: '6a585da6f4903af50ec1ac6785472caf') in 0.005727 seconds 
========================================================================
Received Import Request.
  Time since last request: 15.317819 seconds.
  path: Assets/Samples/Scenes/WorldSensing
  artifactKey: Guid(1591f0d767caa8b448d29b8a4a90828e) Importer(815301076,1909f56bfc062723c751e8b465ee728b)
Start importing Assets/Samples/Scenes/WorldSensing using Guid(1591f0d767caa8b448d29b8a4a90828e) Importer(815301076,1909f56bfc062723c751e8b465ee728b)  -> (artifact id: '44711c00c0b65523ca4e20c278e1482c') in 0.006260 seconds 
========================================================================
Received Import Request.
  Time since last request: 10.167253 seconds.
  path: Assets/Plugins
  artifactKey: Guid(1ae247871cbe97c4db40b0ce731cbc61) Importer(815301076,1909f56bfc062723c751e8b465ee728b)
Start importing Assets/Plugins using Guid(1ae247871cbe97c4db40b0ce731cbc61) Importer(815301076,1909f56bfc062723c751e8b465ee728b)  -> (artifact id: '6c05f4ece378e7991391b18704a881f0') in 0.005434 seconds 
========================================================================
Received Import Request.
  Time since last request: 2.550376 seconds.
  path: Assets/Plugins/EasyAR.bundle
  artifactKey: Guid(3f9d8f82651bf45448e084b2cb2c21b6) Importer(815301076,1909f56bfc062723c751e8b465ee728b)
Start importing Assets/Plugins/EasyAR.bundle using Guid(3f9d8f82651bf45448e084b2cb2c21b6) Importer(815301076,1909f56bfc062723c751e8b465ee728b)  -> (artifact id: '0663390ed369dc4edd36caebc3c2cc59') in 0.007681 seconds 
========================================================================
Received Import Request.
  Time since last request: 7.360080 seconds.
  path: Assets/Plugins/EasyAR.bundle/Contents
  artifactKey: Guid(c3881dc8aeedc71479e8b89f9b162f1e) Importer(815301076,1909f56bfc062723c751e8b465ee728b)
Start importing Assets/Plugins/EasyAR.bundle/Contents using Guid(c3881dc8aeedc71479e8b89f9b162f1e) Importer(815301076,1909f56bfc062723c751e8b465ee728b)  -> (artifact id: 'b1c9adfc1fac562be04db2b19aef4666') in 0.007241 seconds 
========================================================================
Received Import Request.
  Time since last request: 2.471835 seconds.
  path: Assets/Plugins/EasyAR.bundle/Contents/Headers
  artifactKey: Guid(eaeff7a8694b56e43893578327369c8d) Importer(815301076,1909f56bfc062723c751e8b465ee728b)
Start importing Assets/Plugins/EasyAR.bundle/Contents/Headers using Guid(eaeff7a8694b56e43893578327369c8d) Importer(815301076,1909f56bfc062723c751e8b465ee728b)  -> (artifact id: '7aec070a2953f58574e2af06e6d0c842') in 0.011820 seconds 
========================================================================
Received Import Request.
  Time since last request: 10.627615 seconds.
  path: Assets/EasyAR/Resources/EasyAR/Settings.asset
  artifactKey: Guid(2c3b08c228aa2774dbebdd0cea4a5057) Importer(815301076,1909f56bfc062723c751e8b465ee728b)
Start importing Assets/EasyAR/Resources/EasyAR/Settings.asset using Guid(2c3b08c228aa2774dbebdd0cea4a5057) Importer(815301076,1909f56bfc062723c751e8b465ee728b)  -> (artifact id: 'b90d45685d56f450bd44ec898d7dc0dc') in 0.010005 seconds 
========================================================================
Received Import Request.
  Time since last request: 0.030465 seconds.
  path: Assets/EasyAR/Resources/EasyAR/Shaders.asset
  artifactKey: Guid(48ee8f7ac5894db41bbffd298579dd5e) Importer(815301076,1909f56bfc062723c751e8b465ee728b)
Start importing Assets/EasyAR/Resources/EasyAR/Shaders.asset using Guid(48ee8f7ac5894db41bbffd298579dd5e) Importer(815301076,1909f56bfc062723c751e8b465ee728b)  -> (artifact id: '305ae0ff3cbc4f862f948bc314d0d1d7') in 0.014955 seconds 
========================================================================
Received Import Request.
  Time since last request: 39.356129 seconds.
  path: Assets/EasyAR/Resources/EasyAR
  artifactKey: Guid(0938eb69473d42f43a51b12ff05f1cc5) Importer(815301076,1909f56bfc062723c751e8b465ee728b)
Start importing Assets/EasyAR/Resources/EasyAR using Guid(0938eb69473d42f43a51b12ff05f1cc5) Importer(815301076,1909f56bfc062723c751e8b465ee728b)  -> (artifact id: '93779ff702a04ae926a8ec63950c9373') in 0.004833 seconds 
========================================================================
Received Prepare
Registering precompiled user dll's ...
Registered in 0.009753 seconds.
Begin MonoManager ReloadAssembly
Symbol file LoadedFromMemory doesn't match image C:\Users\Splash\Documents\Games\Easy-AR-project\Library\PackageCache\com.unity.visualscripting@1.7.6\Editor\VisualScripting.Core\Dependencies\YamlDotNet\Unity.VisualScripting.YamlDotNet.dll
Symbol file LoadedFromMemory is not a mono symbol file
Symbol file LoadedFromMemory doesn't match image C:\Users\Splash\Documents\Games\Easy-AR-project\Library\PackageCache\com.unity.visualscripting@1.7.6\Editor\VisualScripting.Core\Dependencies\DotNetZip\Unity.VisualScripting.IonicZip.dll
Native extension for WindowsStandalone target not found
Native extension for Android target not found
Native extension for WebGL target not found
Refreshing native plugins compatible for Editor in 1.37 ms, found 4 plugins.
Preloading 0 native plugins for Editor in 0.00 ms.
Mono: successfully reloaded assembly
- Completed reload, in  2.573 seconds
Domain Reload Profiling:
	ReloadAssembly (2574ms)
		BeginReloadAssembly (167ms)
			ExecutionOrderSort (0ms)
			DisableScriptedObjects (5ms)
			BackupInstance (0ms)
			ReleaseScriptingObjects (0ms)
			CreateAndSetChildDomain (45ms)
		EndReloadAssembly (2276ms)
			LoadAssemblies (118ms)
			RebuildTransferFunctionScriptingTraits (0ms)
			SetupTypeCache (334ms)
			ReleaseScriptCaches (2ms)
			RebuildScriptCaches (138ms)
			SetupLoadedEditorAssemblies (1272ms)
				LogAssemblyErrors (0ms)
				InitializePlatformSupportModulesInManaged (167ms)
				SetLoadedEditorAssemblies (2ms)
				RefreshPlugins (2ms)
				BeforeProcessingInitializeOnLoad (224ms)
				ProcessInitializeOnLoadAttributes (773ms)
				ProcessInitializeOnLoadMethodAttributes (75ms)
				AfterProcessingInitializeOnLoad (30ms)
				EditorAssembliesLoaded (0ms)
			ExecutionOrderSort2 (0ms)
			AwakeInstancesAfterBackupRestoration (18ms)
Platform modules already initialized, skipping
Refreshing native plugins compatible for Editor in 15.95 ms, found 4 plugins.
Preloading 0 native plugins for Editor in 0.00 ms.
Unloading 3333 Unused Serialized files (Serialized files now loaded: 0)
Unloading 42 unused Assets / (448.2 KB). Loaded Objects now: 3791.
Memory consumption went from 122.0 MB to 121.6 MB.
Total: 7.263000 ms (FindLiveObjects: 0.766500 ms CreateObjectMapping: 0.767000 ms MarkObjects: 4.932500 ms  DeleteObjects: 0.795000 ms)

AssetImportParameters requested are different than current active one (requested -> active):
  custom:video-decoder-ogg-theora: a1e56fd34408186e4bbccfd4996cb3dc -> 
  custom:container-muxer-webm: aa71ff27fc2769a1b78a27578f13a17b -> 
  custom:container-demuxer-webm: 4f35f7cbe854078d1ac9338744f61a02 -> 
  custom:video-encoder-webm-vp8: eb34c28f22e8b96e1ab97ce403110664 -> 
  custom:video-codec-MediaFoundation-h265: 746d11721c4dcdbdad8f713fa42b33f4 -> 
  custom:audio-encoder-webm-vorbis: bf7c407c2cedff20999df2af8eb42d56 -> 
  custom:framework-win-MediaFoundation: 216162199b28c13a410421893ffa2e32 -> 
  custom:container-demuxer-ogg: 62fdf1f143b41e24485cea50d1cbac27 -> 
  custom:video-decoder-webm-vp8: 9c59270c3fd7afecdb556c50c9e8de78 -> 
  custom:audio-decoder-ogg-vorbis: bf7c407c2cedff20999df2af8eb42d56 -> 
========================================================================
Received Import Request.
  Time since last request: 140.049413 seconds.
  path: Assets/StreamingAssets/hexagon/hexagon.jpg
  artifactKey: Guid(90b05a61af4802548835fbaaee424013) Importer(815301076,1909f56bfc062723c751e8b465ee728b)
Start importing Assets/StreamingAssets/hexagon/hexagon.jpg using Guid(90b05a61af4802548835fbaaee424013) Importer(815301076,1909f56bfc062723c751e8b465ee728b)  -> (artifact id: 'f07fcb620fdb30a2f7ab0fe9c2b4eb16') in 0.058431 seconds 
========================================================================
Received Import Request.
  Time since last request: 33.342217 seconds.
  path: Assets/StreamingAssets/hexagon/hexagon.obj
  artifactKey: Guid(7288a378a2ab00941b437fe059a13c9a) Importer(815301076,1909f56bfc062723c751e8b465ee728b)
Start importing Assets/StreamingAssets/hexagon/hexagon.obj using Guid(7288a378a2ab00941b437fe059a13c9a) Importer(815301076,1909f56bfc062723c751e8b465ee728b)  -> (artifact id: '0911feedfd9c12710a298854d7e9b57a') in 0.010058 seconds 
========================================================================
Received Prepare
Registering precompiled user dll's ...
Registered in 0.007537 seconds.
Begin MonoManager ReloadAssembly
Symbol file LoadedFromMemory doesn't match image C:\Users\Splash\Documents\Games\Easy-AR-project\Library\PackageCache\com.unity.visualscripting@1.7.6\Editor\VisualScripting.Core\Dependencies\YamlDotNet\Unity.VisualScripting.YamlDotNet.dll
Symbol file LoadedFromMemory is not a mono symbol file
Symbol file LoadedFromMemory doesn't match image C:\Users\Splash\Documents\Games\Easy-AR-project\Library\PackageCache\com.unity.visualscripting@1.7.6\Editor\VisualScripting.Core\Dependencies\DotNetZip\Unity.VisualScripting.IonicZip.dll
Native extension for WindowsStandalone target not found
Native extension for Android target not found
Native extension for WebGL target not found
Refreshing native plugins compatible for Editor in 2.43 ms, found 4 plugins.
Preloading 0 native plugins for Editor in 0.00 ms.
Mono: successfully reloaded assembly
- Completed reload, in  3.511 seconds
Domain Reload Profiling:
	ReloadAssembly (3511ms)
		BeginReloadAssembly (159ms)
			ExecutionOrderSort (0ms)
			DisableScriptedObjects (6ms)
			BackupInstance (0ms)
			ReleaseScriptingObjects (0ms)
			CreateAndSetChildDomain (35ms)
		EndReloadAssembly (3226ms)
			LoadAssemblies (128ms)
			RebuildTransferFunctionScriptingTraits (0ms)
			SetupTypeCache (1070ms)
			ReleaseScriptCaches (3ms)
			RebuildScriptCaches (170ms)
			SetupLoadedEditorAssemblies (1521ms)
				LogAssemblyErrors (0ms)
				InitializePlatformSupportModulesInManaged (85ms)
				SetLoadedEditorAssemblies (2ms)
				RefreshPlugins (3ms)
				BeforeProcessingInitializeOnLoad (362ms)
				ProcessInitializeOnLoadAttributes (807ms)
				ProcessInitializeOnLoadMethodAttributes (221ms)
				AfterProcessingInitializeOnLoad (41ms)
				EditorAssembliesLoaded (0ms)
			ExecutionOrderSort2 (0ms)
			AwakeInstancesAfterBackupRestoration (19ms)
Platform modules already initialized, skipping
Refreshing native plugins compatible for Editor in 8.08 ms, found 4 plugins.
Preloading 0 native plugins for Editor in 0.00 ms.
Unloading 3333 Unused Serialized files (Serialized files now loaded: 0)
Unloading 41 unused Assets / (447.8 KB). Loaded Objects now: 3794.
Memory consumption went from 122.0 MB to 121.6 MB.
Total: 4.542800 ms (FindLiveObjects: 0.304300 ms CreateObjectMapping: 0.175700 ms MarkObjects: 3.776100 ms  DeleteObjects: 0.285500 ms)

AssetImportParameters requested are different than current active one (requested -> active):
  custom:video-decoder-ogg-theora: a1e56fd34408186e4bbccfd4996cb3dc -> 
  custom:container-muxer-webm: aa71ff27fc2769a1b78a27578f13a17b -> 
  custom:container-demuxer-webm: 4f35f7cbe854078d1ac9338744f61a02 -> 
  custom:video-encoder-webm-vp8: eb34c28f22e8b96e1ab97ce403110664 -> 
  custom:video-codec-MediaFoundation-h265: 746d11721c4dcdbdad8f713fa42b33f4 -> 
  custom:audio-encoder-webm-vorbis: bf7c407c2cedff20999df2af8eb42d56 -> 
  custom:framework-win-MediaFoundation: 216162199b28c13a410421893ffa2e32 -> 
  custom:container-demuxer-ogg: 62fdf1f143b41e24485cea50d1cbac27 -> 
  custom:video-decoder-webm-vp8: 9c59270c3fd7afecdb556c50c9e8de78 -> 
  custom:audio-decoder-ogg-vorbis: bf7c407c2cedff20999df2af8eb42d56 -> 
========================================================================
Received Prepare
Registering precompiled user dll's ...
Registered in 0.009128 seconds.
Begin MonoManager ReloadAssembly
Symbol file LoadedFromMemory doesn't match image C:\Users\Splash\Documents\Games\Easy-AR-project\Library\PackageCache\com.unity.visualscripting@1.7.6\Editor\VisualScripting.Core\Dependencies\YamlDotNet\Unity.VisualScripting.YamlDotNet.dll
Symbol file LoadedFromMemory is not a mono symbol file
Symbol file LoadedFromMemory doesn't match image C:\Users\Splash\Documents\Games\Easy-AR-project\Library\PackageCache\com.unity.visualscripting@1.7.6\Editor\VisualScripting.Core\Dependencies\DotNetZip\Unity.VisualScripting.IonicZip.dll
Native extension for WindowsStandalone target not found
Native extension for Android target not found
Native extension for WebGL target not found
Refreshing native plugins compatible for Editor in 3.68 ms, found 4 plugins.
Preloading 0 native plugins for Editor in 0.00 ms.
Mono: successfully reloaded assembly
- Completed reload, in  2.071 seconds
Domain Reload Profiling:
	ReloadAssembly (2072ms)
		BeginReloadAssembly (153ms)
			ExecutionOrderSort (0ms)
			DisableScriptedObjects (6ms)
			BackupInstance (0ms)
			ReleaseScriptingObjects (0ms)
			CreateAndSetChildDomain (33ms)
		EndReloadAssembly (1787ms)
			LoadAssemblies (116ms)
			RebuildTransferFunctionScriptingTraits (0ms)
			SetupTypeCache (309ms)
			ReleaseScriptCaches (1ms)
			RebuildScriptCaches (48ms)
			SetupLoadedEditorAssemblies (1206ms)
				LogAssemblyErrors (0ms)
				InitializePlatformSupportModulesInManaged (103ms)
				SetLoadedEditorAssemblies (1ms)
				RefreshPlugins (4ms)
				BeforeProcessingInitializeOnLoad (277ms)
				ProcessInitializeOnLoadAttributes (700ms)
				ProcessInitializeOnLoadMethodAttributes (89ms)
				AfterProcessingInitializeOnLoad (31ms)
				EditorAssembliesLoaded (0ms)
			ExecutionOrderSort2 (0ms)
			AwakeInstancesAfterBackupRestoration (17ms)
Platform modules already initialized, skipping
Refreshing native plugins compatible for Editor in 11.66 ms, found 4 plugins.
Preloading 0 native plugins for Editor in 0.00 ms.
Unloading 3333 Unused Serialized files (Serialized files now loaded: 0)
Unloading 41 unused Assets / (448.0 KB). Loaded Objects now: 3797.
Memory consumption went from 122.0 MB to 121.6 MB.
Total: 7.082200 ms (FindLiveObjects: 0.482800 ms CreateObjectMapping: 0.759400 ms MarkObjects: 5.037200 ms  DeleteObjects: 0.800300 ms)

AssetImportParameters requested are different than current active one (requested -> active):
  custom:video-decoder-ogg-theora: a1e56fd34408186e4bbccfd4996cb3dc -> 
  custom:container-muxer-webm: aa71ff27fc2769a1b78a27578f13a17b -> 
  custom:container-demuxer-webm: 4f35f7cbe854078d1ac9338744f61a02 -> 
  custom:video-encoder-webm-vp8: eb34c28f22e8b96e1ab97ce403110664 -> 
  custom:video-codec-MediaFoundation-h265: 746d11721c4dcdbdad8f713fa42b33f4 -> 
  custom:audio-encoder-webm-vorbis: bf7c407c2cedff20999df2af8eb42d56 -> 
  custom:framework-win-MediaFoundation: 216162199b28c13a410421893ffa2e32 -> 
  custom:container-demuxer-ogg: 62fdf1f143b41e24485cea50d1cbac27 -> 
  custom:video-decoder-webm-vp8: 9c59270c3fd7afecdb556c50c9e8de78 -> 
  custom:audio-decoder-ogg-vorbis: bf7c407c2cedff20999df2af8eb42d56 -> 
========================================================================
Received Prepare
Registering precompiled user dll's ...
Registered in 0.007501 seconds.
Begin MonoManager ReloadAssembly
Symbol file LoadedFromMemory doesn't match image C:\Users\Splash\Documents\Games\Easy-AR-project\Library\PackageCache\com.unity.visualscripting@1.7.6\Editor\VisualScripting.Core\Dependencies\YamlDotNet\Unity.VisualScripting.YamlDotNet.dll
Symbol file LoadedFromMemory is not a mono symbol file
Symbol file LoadedFromMemory doesn't match image C:\Users\Splash\Documents\Games\Easy-AR-project\Library\PackageCache\com.unity.visualscripting@1.7.6\Editor\VisualScripting.Core\Dependencies\DotNetZip\Unity.VisualScripting.IonicZip.dll
Native extension for WindowsStandalone target not found
Native extension for Android target not found
Native extension for WebGL target not found
Refreshing native plugins compatible for Editor in 4.29 ms, found 4 plugins.
Preloading 0 native plugins for Editor in 0.00 ms.
Mono: successfully reloaded assembly
- Completed reload, in 11.341 seconds
Domain Reload Profiling:
	ReloadAssembly (11348ms)
		BeginReloadAssembly (169ms)
			ExecutionOrderSort (0ms)
			DisableScriptedObjects (6ms)
			BackupInstance (0ms)
			ReleaseScriptingObjects (0ms)
			CreateAndSetChildDomain (37ms)
		EndReloadAssembly (10990ms)
			LoadAssemblies (117ms)
			RebuildTransferFunctionScriptingTraits (0ms)
			SetupTypeCache (3999ms)
			ReleaseScriptCaches (15ms)
			RebuildScriptCaches (860ms)
			SetupLoadedEditorAssemblies (5043ms)
				LogAssemblyErrors (0ms)
				InitializePlatformSupportModulesInManaged (258ms)
				SetLoadedEditorAssemblies (2ms)
				RefreshPlugins (5ms)
				BeforeProcessingInitializeOnLoad (1080ms)
				ProcessInitializeOnLoadAttributes (3325ms)
				ProcessInitializeOnLoadMethodAttributes (249ms)
				AfterProcessingInitializeOnLoad (118ms)
				EditorAssembliesLoaded (5ms)
			ExecutionOrderSort2 (0ms)
			AwakeInstancesAfterBackupRestoration (44ms)
Platform modules already initialized, skipping
Refreshing native plugins compatible for Editor in 3.93 ms, found 4 plugins.
Preloading 0 native plugins for Editor in 0.00 ms.
Unloading 3333 Unused Serialized files (Serialized files now loaded: 0)
Unloading 41 unused Assets / (448.2 KB). Loaded Objects now: 3800.
Memory consumption went from 122.0 MB to 121.6 MB.
Total: 3.130900 ms (FindLiveObjects: 0.272600 ms CreateObjectMapping: 0.175500 ms MarkObjects: 2.391000 ms  DeleteObjects: 0.290700 ms)

AssetImportParameters requested are different than current active one (requested -> active):
  custom:video-decoder-ogg-theora: a1e56fd34408186e4bbccfd4996cb3dc -> 
  custom:container-muxer-webm: aa71ff27fc2769a1b78a27578f13a17b -> 
  custom:container-demuxer-webm: 4f35f7cbe854078d1ac9338744f61a02 -> 
  custom:video-encoder-webm-vp8: eb34c28f22e8b96e1ab97ce403110664 -> 
  custom:video-codec-MediaFoundation-h265: 746d11721c4dcdbdad8f713fa42b33f4 -> 
  custom:audio-encoder-webm-vorbis: bf7c407c2cedff20999df2af8eb42d56 -> 
  custom:framework-win-MediaFoundation: 216162199b28c13a410421893ffa2e32 -> 
  custom:container-demuxer-ogg: 62fdf1f143b41e24485cea50d1cbac27 -> 
  custom:video-decoder-webm-vp8: 9c59270c3fd7afecdb556c50c9e8de78 -> 
  custom:audio-decoder-ogg-vorbis: bf7c407c2cedff20999df2af8eb42d56 -> 
========================================================================
Received Import Request.
  Time since last request: 589.664898 seconds.
  path: Assets/Samples/Scenes/WorldSensing/MotionTracking_ImageTarget.unity
  artifactKey: Guid(912896bece7b41e4391e7147ec5b24ab) Importer(815301076,1909f56bfc062723c751e8b465ee728b)
Start importing Assets/Samples/Scenes/WorldSensing/MotionTracking_ImageTarget.unity using Guid(912896bece7b41e4391e7147ec5b24ab) Importer(815301076,1909f56bfc062723c751e8b465ee728b)  -> (artifact id: '29401c4c81b2844869808e1b86f21ecf') in 0.016904 seconds 
========================================================================
Received Import Request.
  Time since last request: 1.687046 seconds.
  path: Assets/Samples/Scenes/WorldSensing/MotionTracking.unity
  artifactKey: Guid(584466c35187f864e8e822014ad6c0d0) Importer(815301076,1909f56bfc062723c751e8b465ee728b)
Start importing Assets/Samples/Scenes/WorldSensing/MotionTracking.unity using Guid(584466c35187f864e8e822014ad6c0d0) Importer(815301076,1909f56bfc062723c751e8b465ee728b)  -> (artifact id: 'e8fc0b1a94bdc5ce0bb119ca8a048e8e') in 0.007389 seconds 
========================================================================
Received Import Request.
  Time since last request: 2.644586 seconds.
  path: Assets/Samples/Scenes/WorldSensing/SurfaceTracking.unity
  artifactKey: Guid(29d9671db051e914eabc94c5ff47ece2) Importer(815301076,1909f56bfc062723c751e8b465ee728b)
Start importing Assets/Samples/Scenes/WorldSensing/SurfaceTracking.unity using Guid(29d9671db051e914eabc94c5ff47ece2) Importer(815301076,1909f56bfc062723c751e8b465ee728b)  -> (artifact id: '438028459037bd7487932b6ca5542509') in 0.006793 seconds 
========================================================================
Received Import Request.
  Time since last request: 2.146852 seconds.
  path: Assets/Samples/Scenes/WorldSensing/SurfaceTracking_ImageTarget.unity
  artifactKey: Guid(647dd780d097cf84da4ba6e56371e912) Importer(815301076,1909f56bfc062723c751e8b465ee728b)
Start importing Assets/Samples/Scenes/WorldSensing/SurfaceTracking_ImageTarget.unity using Guid(647dd780d097cf84da4ba6e56371e912) Importer(815301076,1909f56bfc062723c751e8b465ee728b)  -> (artifact id: '8172ef9e44bc4c7cb5e2c6433a8383cf') in 0.006225 seconds 
========================================================================
Received Prepare
Registering precompiled user dll's ...
Registered in 0.008668 seconds.
Begin MonoManager ReloadAssembly
Symbol file LoadedFromMemory doesn't match image C:\Users\Splash\Documents\Games\Easy-AR-project\Library\PackageCache\com.unity.visualscripting@1.7.6\Editor\VisualScripting.Core\Dependencies\YamlDotNet\Unity.VisualScripting.YamlDotNet.dll
Symbol file LoadedFromMemory is not a mono symbol file
Symbol file LoadedFromMemory doesn't match image C:\Users\Splash\Documents\Games\Easy-AR-project\Library\PackageCache\com.unity.visualscripting@1.7.6\Editor\VisualScripting.Core\Dependencies\DotNetZip\Unity.VisualScripting.IonicZip.dll
Native extension for WindowsStandalone target not found
Native extension for Android target not found
Native extension for WebGL target not found
Refreshing native plugins compatible for Editor in 14.79 ms, found 4 plugins.
Preloading 0 native plugins for Editor in 0.00 ms.
Mono: successfully reloaded assembly
- Completed reload, in  7.057 seconds
Domain Reload Profiling:
	ReloadAssembly (7059ms)
		BeginReloadAssembly (160ms)
			ExecutionOrderSort (0ms)
			DisableScriptedObjects (8ms)
			BackupInstance (0ms)
			ReleaseScriptingObjects (0ms)
			CreateAndSetChildDomain (36ms)
		EndReloadAssembly (6661ms)
			LoadAssemblies (354ms)
			RebuildTransferFunctionScriptingTraits (0ms)
			SetupTypeCache (1882ms)
			ReleaseScriptCaches (4ms)
			RebuildScriptCaches (311ms)
			SetupLoadedEditorAssemblies (3286ms)
				LogAssemblyErrors (0ms)
				InitializePlatformSupportModulesInManaged (420ms)
				SetLoadedEditorAssemblies (9ms)
				RefreshPlugins (16ms)
				BeforeProcessingInitializeOnLoad (693ms)
				ProcessInitializeOnLoadAttributes (1910ms)
				ProcessInitializeOnLoadMethodAttributes (210ms)
				AfterProcessingInitializeOnLoad (27ms)
				EditorAssembliesLoaded (0ms)
			ExecutionOrderSort2 (0ms)
			AwakeInstancesAfterBackupRestoration (21ms)
Platform modules already initialized, skipping
Refreshing native plugins compatible for Editor in 9.11 ms, found 4 plugins.
Preloading 0 native plugins for Editor in 0.00 ms.
Unloading 3333 Unused Serialized files (Serialized files now loaded: 0)
Unloading 41 unused Assets / (448.3 KB). Loaded Objects now: 3803.
Memory consumption went from 122.0 MB to 121.6 MB.
Total: 6.218100 ms (FindLiveObjects: 0.457700 ms CreateObjectMapping: 0.297400 ms MarkObjects: 5.034200 ms  DeleteObjects: 0.426100 ms)

AssetImportParameters requested are different than current active one (requested -> active):
  custom:video-decoder-ogg-theora: a1e56fd34408186e4bbccfd4996cb3dc -> 
  custom:container-muxer-webm: aa71ff27fc2769a1b78a27578f13a17b -> 
  custom:container-demuxer-webm: 4f35f7cbe854078d1ac9338744f61a02 -> 
  custom:video-encoder-webm-vp8: eb34c28f22e8b96e1ab97ce403110664 -> 
  custom:video-codec-MediaFoundation-h265: 746d11721c4dcdbdad8f713fa42b33f4 -> 
  custom:audio-encoder-webm-vorbis: bf7c407c2cedff20999df2af8eb42d56 -> 
  custom:framework-win-MediaFoundation: 216162199b28c13a410421893ffa2e32 -> 
  custom:container-demuxer-ogg: 62fdf1f143b41e24485cea50d1cbac27 -> 
  custom:video-decoder-webm-vp8: 9c59270c3fd7afecdb556c50c9e8de78 -> 
  custom:audio-decoder-ogg-vorbis: bf7c407c2cedff20999df2af8eb42d56 -> 
========================================================================
Received Prepare
Registering precompiled user dll's ...
Registered in 0.006950 seconds.
Begin MonoManager ReloadAssembly
Symbol file LoadedFromMemory doesn't match image C:\Users\Splash\Documents\Games\Easy-AR-project\Library\PackageCache\com.unity.visualscripting@1.7.6\Editor\VisualScripting.Core\Dependencies\YamlDotNet\Unity.VisualScripting.YamlDotNet.dll
Symbol file LoadedFromMemory is not a mono symbol file
Symbol file LoadedFromMemory doesn't match image C:\Users\Splash\Documents\Games\Easy-AR-project\Library\PackageCache\com.unity.visualscripting@1.7.6\Editor\VisualScripting.Core\Dependencies\DotNetZip\Unity.VisualScripting.IonicZip.dll
Native extension for WindowsStandalone target not found
Native extension for Android target not found
Native extension for WebGL target not found
Refreshing native plugins compatible for Editor in 3.76 ms, found 4 plugins.
Preloading 0 native plugins for Editor in 0.00 ms.
Mono: successfully reloaded assembly
- Completed reload, in  8.719 seconds
Domain Reload Profiling:
	ReloadAssembly (8721ms)
		BeginReloadAssembly (215ms)
			ExecutionOrderSort (0ms)
			DisableScriptedObjects (7ms)
			BackupInstance (0ms)
			ReleaseScriptingObjects (0ms)
			CreateAndSetChildDomain (35ms)
		EndReloadAssembly (7585ms)
			LoadAssemblies (370ms)
			RebuildTransferFunctionScriptingTraits (0ms)
			SetupTypeCache (1748ms)
			ReleaseScriptCaches (6ms)
			RebuildScriptCaches (398ms)
			SetupLoadedEditorAssemblies (4309ms)
				LogAssemblyErrors (0ms)
				InitializePlatformSupportModulesInManaged (165ms)
				SetLoadedEditorAssemblies (6ms)
				RefreshPlugins (4ms)
				BeforeProcessingInitializeOnLoad (553ms)
				ProcessInitializeOnLoadAttributes (3024ms)
				ProcessInitializeOnLoadMethodAttributes (421ms)
				AfterProcessingInitializeOnLoad (135ms)
				EditorAssembliesLoaded (0ms)
			ExecutionOrderSort2 (0ms)
			AwakeInstancesAfterBackupRestoration (36ms)
Platform modules already initialized, skipping
Refreshing native plugins compatible for Editor in 59.32 ms, found 4 plugins.
Preloading 0 native plugins for Editor in 0.00 ms.
Unloading 3333 Unused Serialized files (Serialized files now loaded: 0)
Unloading 41 unused Assets / (448.1 KB). Loaded Objects now: 3806.
Memory consumption went from 122.0 MB to 121.6 MB.
Total: 35.681700 ms (FindLiveObjects: 4.104900 ms CreateObjectMapping: 3.973100 ms MarkObjects: 25.082800 ms  DeleteObjects: 2.517400 ms)

AssetImportParameters requested are different than current active one (requested -> active):
  custom:video-decoder-ogg-theora: a1e56fd34408186e4bbccfd4996cb3dc -> 
  custom:container-muxer-webm: aa71ff27fc2769a1b78a27578f13a17b -> 
  custom:container-demuxer-webm: 4f35f7cbe854078d1ac9338744f61a02 -> 
  custom:video-encoder-webm-vp8: eb34c28f22e8b96e1ab97ce403110664 -> 
  custom:video-codec-MediaFoundation-h265: 746d11721c4dcdbdad8f713fa42b33f4 -> 
  custom:audio-encoder-webm-vorbis: bf7c407c2cedff20999df2af8eb42d56 -> 
  custom:framework-win-MediaFoundation: 216162199b28c13a410421893ffa2e32 -> 
  custom:container-demuxer-ogg: 62fdf1f143b41e24485cea50d1cbac27 -> 
  custom:video-decoder-webm-vp8: 9c59270c3fd7afecdb556c50c9e8de78 -> 
  custom:audio-decoder-ogg-vorbis: bf7c407c2cedff20999df2af8eb42d56 -> 
========================================================================
Received Prepare
Refreshing native plugins compatible for Editor in 7.15 ms, found 4 plugins.
Preloading 0 native plugins for Editor in 0.00 ms.
Unloading 41 Unused Serialized files (Serialized files now loaded: 0)
Unloading 41 unused Assets / (445.4 KB). Loaded Objects now: 3806.
Memory consumption went from 56.2 MB to 55.7 MB.
Total: 3.047700 ms (FindLiveObjects: 0.245200 ms CreateObjectMapping: 0.167100 ms MarkObjects: 2.353500 ms  DeleteObjects: 0.281400 ms)

AssetImportParameters requested are different than current active one (requested -> active):
  custom:video-decoder-ogg-theora: a1e56fd34408186e4bbccfd4996cb3dc -> 
  custom:container-muxer-webm: aa71ff27fc2769a1b78a27578f13a17b -> 
  custom:container-demuxer-webm: 4f35f7cbe854078d1ac9338744f61a02 -> 
  custom:video-encoder-webm-vp8: eb34c28f22e8b96e1ab97ce403110664 -> 
  custom:video-codec-MediaFoundation-h265: 746d11721c4dcdbdad8f713fa42b33f4 -> 
  custom:audio-encoder-webm-vorbis: bf7c407c2cedff20999df2af8eb42d56 -> 
  custom:framework-win-MediaFoundation: 216162199b28c13a410421893ffa2e32 -> 
  custom:container-demuxer-ogg: 62fdf1f143b41e24485cea50d1cbac27 -> 
  custom:video-decoder-webm-vp8: 9c59270c3fd7afecdb556c50c9e8de78 -> 
  custom:audio-decoder-ogg-vorbis: bf7c407c2cedff20999df2af8eb42d56 -> 
========================================================================
Received Prepare
Refreshing native plugins compatible for Editor in 8.92 ms, found 4 plugins.
Preloading 0 native plugins for Editor in 0.00 ms.
Unloading 41 Unused Serialized files (Serialized files now loaded: 0)
Unloading 41 unused Assets / (446.0 KB). Loaded Objects now: 3806.
Memory consumption went from 56.2 MB to 55.7 MB.
Total: 3.329500 ms (FindLiveObjects: 0.262300 ms CreateObjectMapping: 0.161300 ms MarkObjects: 2.569900 ms  DeleteObjects: 0.334900 ms)

AssetImportParameters requested are different than current active one (requested -> active):
  custom:video-decoder-ogg-theora: a1e56fd34408186e4bbccfd4996cb3dc -> 
  custom:container-muxer-webm: aa71ff27fc2769a1b78a27578f13a17b -> 
  custom:container-demuxer-webm: 4f35f7cbe854078d1ac9338744f61a02 -> 
  custom:video-encoder-webm-vp8: eb34c28f22e8b96e1ab97ce403110664 -> 
  custom:video-codec-MediaFoundation-h265: 746d11721c4dcdbdad8f713fa42b33f4 -> 
  custom:audio-encoder-webm-vorbis: bf7c407c2cedff20999df2af8eb42d56 -> 
  custom:framework-win-MediaFoundation: 216162199b28c13a410421893ffa2e32 -> 
  custom:container-demuxer-ogg: 62fdf1f143b41e24485cea50d1cbac27 -> 
  custom:video-decoder-webm-vp8: 9c59270c3fd7afecdb556c50c9e8de78 -> 
  custom:audio-decoder-ogg-vorbis: bf7c407c2cedff20999df2af8eb42d56 -> 
========================================================================
Received Prepare
Registering precompiled user dll's ...
Registered in 0.009542 seconds.
Begin MonoManager ReloadAssembly
Symbol file LoadedFromMemory doesn't match image C:\Users\Splash\Documents\Games\Easy-AR-project\Library\PackageCache\com.unity.visualscripting@1.7.6\Editor\VisualScripting.Core\Dependencies\YamlDotNet\Unity.VisualScripting.YamlDotNet.dll
Symbol file LoadedFromMemory is not a mono symbol file
Symbol file LoadedFromMemory doesn't match image C:\Users\Splash\Documents\Games\Easy-AR-project\Library\PackageCache\com.unity.visualscripting@1.7.6\Editor\VisualScripting.Core\Dependencies\DotNetZip\Unity.VisualScripting.IonicZip.dll
Native extension for WindowsStandalone target not found
Native extension for Android target not found
Native extension for WebGL target not found
Refreshing native plugins compatible for Editor in 1.42 ms, found 4 plugins.
Preloading 0 native plugins for Editor in 0.00 ms.
Mono: successfully reloaded assembly
- Completed reload, in  3.143 seconds
Domain Reload Profiling:
	ReloadAssembly (3145ms)
		BeginReloadAssembly (521ms)
			ExecutionOrderSort (0ms)
			DisableScriptedObjects (24ms)
			BackupInstance (0ms)
			ReleaseScriptingObjects (0ms)
			CreateAndSetChildDomain (122ms)
		EndReloadAssembly (2312ms)
			LoadAssemblies (319ms)
			RebuildTransferFunctionScriptingTraits (0ms)
			SetupTypeCache (928ms)
			ReleaseScriptCaches (2ms)
			RebuildScriptCaches (140ms)
			SetupLoadedEditorAssemblies (889ms)
				LogAssemblyErrors (0ms)
				InitializePlatformSupportModulesInManaged (87ms)
				SetLoadedEditorAssemblies (1ms)
				RefreshPlugins (2ms)
				BeforeProcessingInitializeOnLoad (266ms)
				ProcessInitializeOnLoadAttributes (455ms)
				ProcessInitializeOnLoadMethodAttributes (55ms)
				AfterProcessingInitializeOnLoad (23ms)
				EditorAssembliesLoaded (0ms)
			ExecutionOrderSort2 (0ms)
			AwakeInstancesAfterBackupRestoration (14ms)
Platform modules already initialized, skipping
Refreshing native plugins compatible for Editor in 9.53 ms, found 4 plugins.
Preloading 0 native plugins for Editor in 0.00 ms.
Unloading 3333 Unused Serialized files (Serialized files now loaded: 0)
Unloading 41 unused Assets / (448.2 KB). Loaded Objects now: 3809.
Memory consumption went from 122.0 MB to 121.6 MB.
Total: 4.450000 ms (FindLiveObjects: 0.369600 ms CreateObjectMapping: 0.318300 ms MarkObjects: 3.406600 ms  DeleteObjects: 0.354000 ms)

AssetImportParameters requested are different than current active one (requested -> active):
  custom:video-decoder-ogg-theora: a1e56fd34408186e4bbccfd4996cb3dc -> 
  custom:container-muxer-webm: aa71ff27fc2769a1b78a27578f13a17b -> 
  custom:container-demuxer-webm: 4f35f7cbe854078d1ac9338744f61a02 -> 
  custom:video-encoder-webm-vp8: eb34c28f22e8b96e1ab97ce403110664 -> 
  custom:video-codec-MediaFoundation-h265: 746d11721c4dcdbdad8f713fa42b33f4 -> 
  custom:audio-encoder-webm-vorbis: bf7c407c2cedff20999df2af8eb42d56 -> 
  custom:framework-win-MediaFoundation: 216162199b28c13a410421893ffa2e32 -> 
  custom:container-demuxer-ogg: 62fdf1f143b41e24485cea50d1cbac27 -> 
  custom:video-decoder-webm-vp8: 9c59270c3fd7afecdb556c50c9e8de78 -> 
  custom:audio-decoder-ogg-vorbis: bf7c407c2cedff20999df2af8eb42d56 -> 
========================================================================
Received Prepare
Refreshing native plugins compatible for Editor in 294.35 ms, found 4 plugins.
Preloading 0 native plugins for Editor in 0.00 ms.
Unloading 41 Unused Serialized files (Serialized files now loaded: 0)
Unloading 41 unused Assets / (445.4 KB). Loaded Objects now: 3809.
Memory consumption went from 56.2 MB to 55.7 MB.
Total: 6.113400 ms (FindLiveObjects: 0.347800 ms CreateObjectMapping: 0.272800 ms MarkObjects: 5.058100 ms  DeleteObjects: 0.433000 ms)

AssetImportParameters requested are different than current active one (requested -> active):
  custom:video-decoder-ogg-theora: a1e56fd34408186e4bbccfd4996cb3dc -> 
  custom:container-muxer-webm: aa71ff27fc2769a1b78a27578f13a17b -> 
  custom:container-demuxer-webm: 4f35f7cbe854078d1ac9338744f61a02 -> 
  custom:video-encoder-webm-vp8: eb34c28f22e8b96e1ab97ce403110664 -> 
  custom:video-codec-MediaFoundation-h265: 746d11721c4dcdbdad8f713fa42b33f4 -> 
  custom:audio-encoder-webm-vorbis: bf7c407c2cedff20999df2af8eb42d56 -> 
  custom:framework-win-MediaFoundation: 216162199b28c13a410421893ffa2e32 -> 
  custom:container-demuxer-ogg: 62fdf1f143b41e24485cea50d1cbac27 -> 
  custom:video-decoder-webm-vp8: 9c59270c3fd7afecdb556c50c9e8de78 -> 
  custom:audio-decoder-ogg-vorbis: bf7c407c2cedff20999df2af8eb42d56 -> 
========================================================================
Received Import Request.
  Time since last request: 7280.985865 seconds.
  path: Assets
  artifactKey: Guid(00000000000000001000000000000000) Importer(815301076,1909f56bfc062723c751e8b465ee728b)
Start importing Assets using Guid(00000000000000001000000000000000) Importer(815301076,1909f56bfc062723c751e8b465ee728b)  -> (artifact id: '79842766b460edbeab6a34051e857a80') in 0.333784 seconds 
========================================================================
Received Import Request.
  Time since last request: 6.390663 seconds.
  path: Assets/ar icon.png
  artifactKey: Guid(0500e68fdeb47d44a8c7e70080a4a1ca) Importer(815301076,1909f56bfc062723c751e8b465ee728b)
Start importing Assets/ar icon.png using Guid(0500e68fdeb47d44a8c7e70080a4a1ca) Importer(815301076,1909f56bfc062723c751e8b465ee728b)  -> (artifact id: '23d025feaa93b26bb07ef3c2f6c4b9a6') in 0.676782 seconds 
========================================================================
Received Import Request.
  Time since last request: 17.140719 seconds.
  path: Assets/ar icon.png
  artifactKey: Guid(0500e68fdeb47d44a8c7e70080a4a1ca) Importer(815301076,1909f56bfc062723c751e8b465ee728b)
Start importing Assets/ar icon.png using Guid(0500e68fdeb47d44a8c7e70080a4a1ca) Importer(815301076,1909f56bfc062723c751e8b465ee728b)  -> (artifact id: 'a86727c654d7c0b3f2f9da5350484f14') in 0.084628 seconds 
========================================================================
Received Prepare
Registering precompiled user dll's ...
Registered in 0.006913 seconds.
Begin MonoManager ReloadAssembly
Symbol file LoadedFromMemory doesn't match image C:\Users\Splash\Documents\Games\Easy-AR-project\Library\PackageCache\com.unity.visualscripting@1.7.6\Editor\VisualScripting.Core\Dependencies\YamlDotNet\Unity.VisualScripting.YamlDotNet.dll
Symbol file LoadedFromMemory is not a mono symbol file
Symbol file LoadedFromMemory doesn't match image C:\Users\Splash\Documents\Games\Easy-AR-project\Library\PackageCache\com.unity.visualscripting@1.7.6\Editor\VisualScripting.Core\Dependencies\DotNetZip\Unity.VisualScripting.IonicZip.dll
Native extension for WindowsStandalone target not found
Native extension for Android target not found
Native extension for WebGL target not found
Refreshing native plugins compatible for Editor in 0.61 ms, found 4 plugins.
Preloading 0 native plugins for Editor in 0.00 ms.
Mono: successfully reloaded assembly
- Completed reload, in  1.847 seconds
Domain Reload Profiling:
	ReloadAssembly (1849ms)
		BeginReloadAssembly (516ms)
			ExecutionOrderSort (0ms)
			DisableScriptedObjects (20ms)
			BackupInstance (0ms)
			ReleaseScriptingObjects (0ms)
			CreateAndSetChildDomain (177ms)
		EndReloadAssembly (1164ms)
			LoadAssemblies (250ms)
			RebuildTransferFunctionScriptingTraits (0ms)
			SetupTypeCache (532ms)
			ReleaseScriptCaches (1ms)
			RebuildScriptCaches (44ms)
			SetupLoadedEditorAssemblies (382ms)
				LogAssemblyErrors (0ms)
				InitializePlatformSupportModulesInManaged (27ms)
				SetLoadedEditorAssemblies (1ms)
				RefreshPlugins (1ms)
				BeforeProcessingInitializeOnLoad (72ms)
				ProcessInitializeOnLoadAttributes (243ms)
				ProcessInitializeOnLoadMethodAttributes (27ms)
				AfterProcessingInitializeOnLoad (11ms)
				EditorAssembliesLoaded (0ms)
			ExecutionOrderSort2 (0ms)
			AwakeInstancesAfterBackupRestoration (7ms)
Platform modules already initialized, skipping
Refreshing native plugins compatible for Editor in 4.72 ms, found 4 plugins.
Preloading 0 native plugins for Editor in 0.00 ms.
Unloading 3333 Unused Serialized files (Serialized files now loaded: 0)
Unloading 41 unused Assets / (448.0 KB). Loaded Objects now: 3815.
Memory consumption went from 122.0 MB to 121.6 MB.
Total: 4.661400 ms (FindLiveObjects: 0.270700 ms CreateObjectMapping: 0.187800 ms MarkObjects: 3.837000 ms  DeleteObjects: 0.363300 ms)

AssetImportParameters requested are different than current active one (requested -> active):
  custom:video-decoder-ogg-theora: a1e56fd34408186e4bbccfd4996cb3dc -> 
  custom:container-muxer-webm: aa71ff27fc2769a1b78a27578f13a17b -> 
  custom:container-demuxer-webm: 4f35f7cbe854078d1ac9338744f61a02 -> 
  custom:video-encoder-webm-vp8: eb34c28f22e8b96e1ab97ce403110664 -> 
  custom:video-codec-MediaFoundation-h265: 746d11721c4dcdbdad8f713fa42b33f4 -> 
  custom:audio-encoder-webm-vorbis: bf7c407c2cedff20999df2af8eb42d56 -> 
  custom:framework-win-MediaFoundation: 216162199b28c13a410421893ffa2e32 -> 
  custom:container-demuxer-ogg: 62fdf1f143b41e24485cea50d1cbac27 -> 
  custom:video-decoder-webm-vp8: 9c59270c3fd7afecdb556c50c9e8de78 -> 
  custom:audio-decoder-ogg-vorbis: bf7c407c2cedff20999df2af8eb42d56 -> 
